[INFO ] 2017-11-24 08:38:05,648 com.webtest.util.Log - Using Firefox
[INFO ] 2017-11-24 08:38:05,652 com.webtest.util.Log - firefox
[INFO ] 2017-11-24 08:38:09,222 com.webtest.util.Log - Opened url http://localhost:8032/zl_shop/admin.php/Login/index.html
[INFO ] 2017-11-24 08:54:02,347 com.webtest.util.Log - Using Firefox
[INFO ] 2017-11-24 08:54:02,351 com.webtest.util.Log - firefox
[INFO ] 2017-11-24 08:54:05,873 com.webtest.util.Log - Opened url http://localhost:8032/zl_shop/admin.php/Login/index.html
[INFO ] 2017-11-24 09:02:22,385 com.webtest.util.Log - Using Firefox
[INFO ] 2017-11-24 09:02:22,389 com.webtest.util.Log - firefox
[INFO ] 2017-11-24 09:02:26,069 com.webtest.util.Log - Opened url http://localhost:8032/zl_shop/admin.php/Login/index.html
[FATAL] 2017-11-24 09:02:42,568 com.webtest.util.Log - expectedValue doesn't match actualValue,actual Value is :; expected Value is :留言列表
[INFO ] 2017-11-24 09:04:53,343 com.webtest.util.Log - Using Firefox
[INFO ] 2017-11-24 09:04:53,347 com.webtest.util.Log - firefox
[INFO ] 2017-11-24 09:04:56,865 com.webtest.util.Log - Opened url http://localhost:8032/zl_shop/admin.php/Login/index.html
[INFO ] 2017-11-24 09:05:09,872 com.webtest.util.Log - expectedValue :留言列表  match actualValue:留言列表
[INFO ] 2017-11-24 09:06:08,359 com.webtest.util.Log - Using Firefox
[INFO ] 2017-11-24 09:06:08,363 com.webtest.util.Log - firefox
[INFO ] 2017-11-24 09:06:11,961 com.webtest.util.Log - Opened url http://localhost:8032/zl_shop/admin.php/Login/index.html
[FATAL] 2017-11-24 09:06:28,805 com.webtest.util.Log - expectedValue doesn't match actualValue,actual Value is :留言内容; expected Value is :留言列表
[INFO ] 2017-11-24 09:09:51,631 com.webtest.util.Log - Using Firefox
[INFO ] 2017-11-24 09:09:51,636 com.webtest.util.Log - firefox
[INFO ] 2017-11-24 09:09:55,182 com.webtest.util.Log - Opened url http://localhost:8032/zl_shop/admin.php/Login/index.html
[INFO ] 2017-11-24 09:10:11,492 com.webtest.util.Log - expectedValue :回复内容  match actualValue:回复内容
[INFO ] 2017-11-24 09:18:21,147 com.webtest.util.Log - Using Firefox
[INFO ] 2017-11-24 09:18:21,152 com.webtest.util.Log - firefox
[INFO ] 2017-11-24 09:18:24,759 com.webtest.util.Log - Opened url http://localhost:8032/zl_shop/admin.php/Login/index.html
[INFO ] 2017-11-24 09:18:41,354 com.webtest.util.Log - //input[@placeholder='请输入...']can't find element by prefix.
[INFO ] 2017-11-24 09:18:44,906 com.webtest.util.Log - expectedValue :留言内容  match actualValue:留言内容
[INFO ] 2017-11-24 09:20:20,866 com.webtest.util.Log - Using Firefox
[INFO ] 2017-11-24 09:20:20,869 com.webtest.util.Log - firefox
[INFO ] 2017-11-24 09:20:24,494 com.webtest.util.Log - Opened url http://localhost:8032/zl_shop/admin.php/Login/index.html
[INFO ] 2017-11-24 09:20:44,455 com.webtest.util.Log - expectedValue :留言内容  match actualValue:留言内容
[INFO ] 2017-11-24 09:22:41,883 com.webtest.util.Log - Using Firefox
[INFO ] 2017-11-24 09:22:41,887 com.webtest.util.Log - firefox
[INFO ] 2017-11-24 09:22:45,485 com.webtest.util.Log - Opened url http://localhost:8032/zl_shop/admin.php/Login/index.html
[INFO ] 2017-11-24 09:23:06,338 com.webtest.util.Log - expectedValue :留言内容  match actualValue:留言内容
[INFO ] 2017-11-24 09:27:48,840 com.webtest.util.Log - Using Firefox
[INFO ] 2017-11-24 09:27:48,844 com.webtest.util.Log - firefox
[INFO ] 2017-11-24 09:27:52,451 com.webtest.util.Log - Opened url http://localhost:8032/zl_shop/admin.php/Login/index.html
[INFO ] 2017-11-24 09:28:12,313 com.webtest.util.Log - expectedValue :回复内容  match actualValue:回复内容
[INFO ] 2017-11-24 10:41:02,125 com.webtest.util.Log - Using Firefox
[INFO ] 2017-11-24 10:41:02,129 com.webtest.util.Log - firefox
[INFO ] 2017-11-24 10:41:05,655 com.webtest.util.Log - Opened url http://localhost:8032/zl_shop/admin.php/Login/index.html
[INFO ] 2017-11-24 10:41:15,178 com.webtest.util.Log - expectedValue :欢迎光临,  match actualValue:欢迎光临,
[INFO ] 2017-11-24 10:41:18,501 com.webtest.util.Log - expectedValue :公告列表  match actualValue:公告列表
[INFO ] 2017-11-24 10:49:02,810 com.webtest.util.Log - Using Firefox
[INFO ] 2017-11-24 10:49:02,814 com.webtest.util.Log - firefox
[INFO ] 2017-11-24 10:49:06,349 com.webtest.util.Log - Opened url http://localhost:8032/zl_shop/admin.php/Login/index.html
[INFO ] 2017-11-24 10:49:16,195 com.webtest.util.Log - expectedValue :欢迎光临,  match actualValue:欢迎光临,
[INFO ] 2017-11-24 10:49:23,011 com.webtest.util.Log - expectedValue :发布新闻  match actualValue:发布新闻
[INFO ] 2017-11-24 10:52:15,859 com.webtest.util.Log - Using Firefox
[INFO ] 2017-11-24 10:52:15,863 com.webtest.util.Log - firefox
[INFO ] 2017-11-24 10:52:19,410 com.webtest.util.Log - Opened url http://localhost:8032/zl_shop/admin.php/Login/index.html
[INFO ] 2017-11-24 10:52:28,844 com.webtest.util.Log - expectedValue :欢迎光临,  match actualValue:欢迎光临,
[INFO ] 2017-11-24 10:52:35,600 com.webtest.util.Log - expectedValue :发布消息  match actualValue:发布消息
[INFO ] 2017-11-24 11:11:22,365 com.webtest.util.Log - Using Firefox
[INFO ] 2017-11-24 11:11:22,370 com.webtest.util.Log - firefox
[INFO ] 2017-11-24 11:11:25,972 com.webtest.util.Log - Opened url http://localhost:8032/zl_shop/admin.php/Login/index.html
[INFO ] 2017-11-24 11:11:35,469 com.webtest.util.Log - expectedValue :欢迎光临,  match actualValue:欢迎光临,
[FATAL] 2017-11-24 11:11:45,916 com.webtest.util.Log - expectedValue doesn't match actualValue,actual Value is :小米电视携豪礼高调入驻京东; expected Value is :小米电视携豪礼高调入驻京东  
[INFO ] 2017-11-24 11:14:41,809 com.webtest.util.Log - Using Firefox
[INFO ] 2017-11-24 11:14:41,812 com.webtest.util.Log - firefox
[INFO ] 2017-11-24 11:14:45,384 com.webtest.util.Log - Opened url http://localhost:8032/zl_shop/admin.php/Login/index.html
[INFO ] 2017-11-24 11:14:55,007 com.webtest.util.Log - expectedValue :欢迎光临,  match actualValue:欢迎光临,
[INFO ] 2017-11-24 11:15:05,524 com.webtest.util.Log - expectedValue :小米电视携豪礼高调入驻京东  match actualValue:小米电视携豪礼高调入驻京东
[INFO ] 2017-11-28 14:40:00,015 com.webtest.util.Log - Using Firefox
[INFO ] 2017-11-28 14:40:00,033 com.webtest.util.Log - firefox
[INFO ] 2017-11-28 14:40:03,672 com.webtest.util.Log - Opened url http://localhost:8032/zl_shop/admin.php/Login/index.html
[INFO ] 2017-11-28 14:40:13,334 com.webtest.util.Log - expectedValue :欢迎光临,  match actualValue:欢迎光临,
[INFO ] 2017-11-28 14:40:23,629 com.webtest.util.Log - expectedValue :消息类型  match actualValue:消息类型
[INFO ] 2017-11-28 14:53:01,021 com.webtest.util.Log - Using Firefox
[INFO ] 2017-11-28 14:53:01,029 com.webtest.util.Log - firefox
[INFO ] 2017-11-28 14:53:04,798 com.webtest.util.Log - Opened url http://localhost:8032/zl_shop/admin.php/Login/index.html
[INFO ] 2017-11-28 14:53:14,585 com.webtest.util.Log - expectedValue :欢迎光临,  match actualValue:欢迎光临,
[INFO ] 2017-11-28 14:53:32,007 com.webtest.util.Log - expectedValue :发布中  match actualValue:发布中
[INFO ] 2017-11-28 15:03:17,657 com.webtest.util.Log - Using Firefox
[INFO ] 2017-11-28 15:03:17,666 com.webtest.util.Log - firefox
[INFO ] 2017-11-28 15:03:21,211 com.webtest.util.Log - Opened url http://localhost:8032/zl_shop/admin.php/Login/index.html
[INFO ] 2017-11-28 15:03:31,049 com.webtest.util.Log - expectedValue :欢迎光临,  match actualValue:欢迎光临,
[INFO ] 2017-11-28 15:03:51,735 com.webtest.util.Log - expectedValue :发布中  match actualValue:发布中
[INFO ] 2017-11-28 15:06:29,375 com.webtest.util.Log - Using Firefox
[INFO ] 2017-11-28 15:06:29,379 com.webtest.util.Log - firefox
[INFO ] 2017-11-28 15:06:32,884 com.webtest.util.Log - Opened url http://localhost:8032/zl_shop/admin.php/Login/index.html
[INFO ] 2017-11-28 15:06:42,497 com.webtest.util.Log - expectedValue :欢迎光临,  match actualValue:欢迎光临,
[INFO ] 2017-11-28 15:07:06,431 com.webtest.util.Log - expectedValue :新添加  match actualValue:新添加
[INFO ] 2017-11-28 15:17:11,711 com.webtest.util.Log - Using Firefox
[INFO ] 2017-11-28 15:17:11,729 com.webtest.util.Log - firefox
[INFO ] 2017-11-28 15:17:15,206 com.webtest.util.Log - Opened url http://localhost:8032/zl_shop/admin.php/Login/index.html
[INFO ] 2017-11-28 15:17:24,807 com.webtest.util.Log - expectedValue :欢迎光临,  match actualValue:欢迎光临,
[INFO ] 2017-11-28 15:17:28,095 com.webtest.util.Log - expectedValue :展示图列表  match actualValue:展示图列表
[INFO ] 2017-11-28 15:22:46,814 com.webtest.util.Log - Using Firefox
[INFO ] 2017-11-28 15:22:46,817 com.webtest.util.Log - firefox
[INFO ] 2017-11-28 15:22:50,398 com.webtest.util.Log - Opened url http://localhost:8032/zl_shop/admin.php/Login/index.html
[INFO ] 2017-11-28 15:23:00,172 com.webtest.util.Log - expectedValue :欢迎光临,  match actualValue:欢迎光临,
[INFO ] 2017-11-28 15:23:07,075 com.webtest.util.Log - expectedValue :添加展示图  match actualValue:添加展示图
[INFO ] 2017-11-28 15:23:44,442 com.webtest.util.Log - Using Firefox
[INFO ] 2017-11-28 15:23:44,450 com.webtest.util.Log - firefox
[INFO ] 2017-11-28 15:23:48,094 com.webtest.util.Log - Opened url http://localhost:8032/zl_shop/admin.php/Login/index.html
[INFO ] 2017-11-28 15:23:57,679 com.webtest.util.Log - expectedValue :欢迎光临,  match actualValue:欢迎光临,
[INFO ] 2017-11-28 15:24:04,471 com.webtest.util.Log - expectedValue :商城信息列表  match actualValue:商城信息列表
[INFO ] 2017-11-28 15:40:29,547 com.webtest.util.Log - Using Firefox
[INFO ] 2017-11-28 15:40:29,562 com.webtest.util.Log - firefox
[INFO ] 2017-11-28 15:40:33,133 com.webtest.util.Log - Opened url http://localhost:8032/zl_shop/admin.php/Login/index.html
[INFO ] 2017-11-28 15:40:42,669 com.webtest.util.Log - expectedValue :欢迎光临,  match actualValue:欢迎光临,
[INFO ] 2017-11-28 15:40:52,972 com.webtest.util.Log - expectedValue :4  match actualValue:4
[INFO ] 2017-11-28 15:43:15,933 com.webtest.util.Log - Using Firefox
[INFO ] 2017-11-28 15:43:15,948 com.webtest.util.Log - firefox
[INFO ] 2017-11-28 15:43:19,504 com.webtest.util.Log - Opened url http://localhost:8032/zl_shop/admin.php/Login/index.html
[INFO ] 2017-11-28 15:43:29,071 com.webtest.util.Log - expectedValue :欢迎光临,  match actualValue:欢迎光临,
[INFO ] 2017-11-28 15:43:39,393 com.webtest.util.Log - expectedValue :京东  match actualValue:京东
[INFO ] 2017-11-28 15:46:03,046 com.webtest.util.Log - Using Firefox
[INFO ] 2017-11-28 15:46:03,050 com.webtest.util.Log - firefox
[INFO ] 2017-11-28 15:46:06,664 com.webtest.util.Log - Opened url http://localhost:8032/zl_shop/admin.php/Login/index.html
[INFO ] 2017-11-28 15:46:16,142 com.webtest.util.Log - expectedValue :欢迎光临,  match actualValue:欢迎光临,
[INFO ] 2017-11-28 15:46:26,394 com.webtest.util.Log - expectedValue :京东  match actualValue:京东
[INFO ] 2017-11-28 15:46:34,948 com.webtest.util.Log - Quitted Browser
[INFO ] 2017-11-28 16:20:36,414 com.webtest.util.Log - Using Firefox
[INFO ] 2017-11-28 16:20:36,419 com.webtest.util.Log - firefox
[INFO ] 2017-11-28 16:20:40,154 com.webtest.util.Log - Opened url http://localhost:8032/zl_shop/admin.php/Login/index.html
[INFO ] 2017-11-28 16:20:49,978 com.webtest.util.Log - expectedValue :欢迎光临,  match actualValue:欢迎光临,
[INFO ] 2017-11-28 16:21:00,223 com.webtest.util.Log - expectedValue :新添加  match actualValue:新添加
[INFO ] 2017-11-28 16:21:06,508 com.webtest.util.Log - expectedValue :已发布  match actualValue:已发布
[INFO ] 2017-11-28 16:21:12,829 com.webtest.util.Log - expectedValue :已过期  match actualValue:已过期
[INFO ] 2017-11-28 16:21:19,536 com.webtest.util.Log - Quitted Browser
[INFO ] 2017-11-28 16:52:29,707 com.webtest.util.Log - Using Firefox
[INFO ] 2017-11-28 16:52:29,710 com.webtest.util.Log - firefox
[INFO ] 2017-11-28 16:52:33,318 com.webtest.util.Log - Opened url http://localhost:8032/zl_shop/admin.php/Login/index.html
[INFO ] 2017-11-28 16:52:43,504 com.webtest.util.Log - expectedValue :欢迎光临,  match actualValue:欢迎光临,
[INFO ] 2017-11-28 16:53:04,330 com.webtest.util.Log - expectedValue :新添加  match actualValue:新添加
[INFO ] 2017-11-28 16:53:09,692 com.webtest.util.Log - Quitted Browser
[INFO ] 2017-11-28 16:54:40,321 com.webtest.util.Log - Using Firefox
[INFO ] 2017-11-28 16:54:40,325 com.webtest.util.Log - firefox
[INFO ] 2017-11-28 16:54:43,913 com.webtest.util.Log - Opened url http://localhost:8032/zl_shop/admin.php/Login/index.html
[INFO ] 2017-11-28 16:54:53,416 com.webtest.util.Log - expectedValue :欢迎光临,  match actualValue:欢迎光临,
[INFO ] 2017-11-28 16:55:14,203 com.webtest.util.Log - expectedValue :新添加  match actualValue:新添加
[INFO ] 2017-11-28 16:55:19,210 com.webtest.util.Log - Quitted Browser
